<?xml version="1.0" encoding="UTF-8"?>
<testng-results skipped="0" failed="0" ignored="0" total="1" passed="1">
  <reporter-output>
  </reporter-output>
  <suite name="Default suite" duration-ms="57" started-at="2017-07-05T19:16:18Z" finished-at="2017-07-05T19:16:18Z">
    <groups>
    </groups>
    <test name="Default test" duration-ms="57" started-at="2017-07-05T19:16:18Z" finished-at="2017-07-05T19:16:18Z">
      <class name="com.marsassignment.Test.TestTime">
        <test-method status="PASS" signature="timeConverterTest()[pri:0, instance:com.marsassignment.Test.TestTime@3bfdc050]" name="timeConverterTest" duration-ms="29" started-at="2017-07-05T15:16:18Z" finished-at="2017-07-05T15:16:18Z">
          <reporter-output>
          </reporter-output>
        </test-method> <!-- timeConverterTest -->
      </class> <!-- com.marsassignment.Test.TestTime -->
    </test> <!-- Default test -->
  </suite> <!-- Default suite -->
</testng-results>
